#
# There is insufficient memory for the Java Runtime Environment to continue.
# Native memory allocation (mmap) failed to map 249561088 bytes for G1 virtual space
# Possible reasons:
#   The system is out of physical RAM or swap space
#   The process is running with CompressedOops enabled, and the Java Heap may be blocking the growth of the native heap
# Possible solutions:
#   Reduce memory load on the system
#   Increase physical memory or swap space
#   Check if swap backing store is full
#   Decrease Java heap size (-Xmx/-Xms)
#   Decrease number of Java threads
#   Decrease Java thread stack sizes (-Xss)
#   Set larger code cache with -XX:ReservedCodeCacheSize=
#   JVM is running with Zero Based Compressed Oops mode in which the Java heap is
#     placed in the first 32GB address space. The Java Heap base address is the
#     maximum limit for the native heap growth. Please use -XX:HeapBaseMinAddress
#     to set the Java Heap base and to place the Java Heap above 32GB virtual address.
# This output file may be truncated or incomplete.
#
#  Out of Memory Error (os_windows.cpp:3550), pid=211564, tid=215196
#
# JRE version:  (17.0.6+9) (build )
# Java VM: Java HotSpot(TM) 64-Bit Server VM (17.0.6+9-LTS-190, mixed mode, sharing, tiered, compressed oops, compressed class ptrs, g1 gc, windows-amd64)
# No core dump will be written. Minidumps are not enabled by default on client versions of Windows
#

---------------  S U M M A R Y ------------

Command Line: -Dfile.encoding=UTF-8 -Duser.country=KR -Duser.language=ko -Duser.variant org.example.ch5.Problem5G

Host: AMD Ryzen 5 5600U with Radeon Graphics         , 12 cores, 14G,  Windows 10 , 64 bit Build 19041 (10.0.19041.3636)
Time: Thu Jul  4 11:06:17 2024  Windows 10 , 64 bit Build 19041 (10.0.19041.3636) elapsed time: 0.015499 seconds (0d 0h 0m 0s)

---------------  T H R E A D  ---------------

Current thread (0x00000117f75f3440):  JavaThread "Unknown thread" [_thread_in_vm, id=215196, stack(0x00000012c6100000,0x00000012c6200000)]

Stack: [0x00000012c6100000,0x00000012c6200000]
Native frames: (J=compiled Java code, j=interpreted, Vv=VM code, C=native code)
V  [jvm.dll+0x6734ea]
V  [jvm.dll+0x7d18f4]
V  [jvm.dll+0x7d309e]
V  [jvm.dll+0x7d3703]
V  [jvm.dll+0x2433c5]
V  [jvm.dll+0x6703f9]
V  [jvm.dll+0x664d32]
V  [jvm.dll+0x300086]
V  [jvm.dll+0x307606]
V  [jvm.dll+0x356c1e]
V  [jvm.dll+0x356e4f]
V  [jvm.dll+0x2d72e8]
V  [jvm.dll+0x2d8254]
V  [jvm.dll+0x7a33b1]
V  [jvm.dll+0x3647f1]
V  [jvm.dll+0x782839]
V  [jvm.dll+0x3e757f]
V  [jvm.dll+0x3e9001]
C  [jli.dll+0x5297]
C  [ucrtbase.dll+0x21bb2]
C  [KERNEL32.DLL+0x17344]
C  [ntdll.dll+0x4cc91]


---------------  P R O C E S S  ---------------

Threads class SMR info:
_java_thread_list=0x00007ffe37b7e958, length=0, elements={
}

Java Threads: ( => current thread )

Other Threads:
  0x00000117f7659210 GCTaskThread "GC Thread#0" [stack: 0x00000012c6200000,0x00000012c6300000] [id=217696]
  0x00000117f7669db0 ConcurrentGCThread "G1 Main Marker" [stack: 0x00000012c6300000,0x00000012c6400000] [id=230548]
  0x00000117f766e190 ConcurrentGCThread "G1 Conc#0" [stack: 0x00000012c6400000,0x00000012c6500000] [id=204468]

[error occurred during error reporting (printing all threads), id 0xc0000005, EXCEPTION_ACCESS_VIOLATION (0xc0000005) at pc=0x00007ffe373b7f07]

VM state: not at safepoint (not fully initialized)

VM Mutex/Monitor currently owned by a thread:  ([mutex/lock_event])
[0x00000117f75ef2f0] Heap_lock - owner thread: 0x00000117f75f3440

Heap address: 0x0000000712c00000, size: 3796 MB, Compressed Oops mode: Zero based, Oop shift amount: 3

CDS archive(s) mapped at: [0x0000000000000000-0x0000000000000000-0x0000000000000000), size 0, SharedBaseAddress: 0x0000000800000000, ArchiveRelocationMode: 0.
Narrow klass base: 0x0000000000000000, Narrow klass shift: 0, Narrow klass range: 0x0

GC Precious Log:
<Empty>

Heap:
 garbage-first heap   total 0K, used 0K [0x0000000712c00000, 0x0000000800000000)
  region size 2048K, 0 young (0K), 0 survivors (0K)

[error occurred during error reporting (printing heap information), id 0xc0000005, EXCEPTION_ACCESS_VIOLATION (0xc0000005) at pc=0x00007ffe3779c759]

GC Heap History (0 events):
No events

Deoptimization events (0 events):
No events

Classes unloaded (0 events):
No events

Classes redefined (0 events):
No events

Internal exceptions (0 events):
No events

VM Operations (0 events):
No events

Events (1 events):
Event: 0.008 Loaded shared library C:\Program Files\Java\jdk-17\bin\java.dll


Dynamic libraries:
0x00007ff713250000 - 0x00007ff713260000 	C:\Program Files\Java\jdk-17\bin\java.exe
0x00007ffe877b0000 - 0x00007ffe879a8000 	C:\Windows\SYSTEM32\ntdll.dll
0x00007ffe86630000 - 0x00007ffe866ed000 	C:\Windows\System32\KERNEL32.DLL
0x00007ffe85380000 - 0x00007ffe85676000 	C:\Windows\System32\KERNELBASE.dll
0x00007ffe84ea0000 - 0x00007ffe84fa0000 	C:\Windows\System32\ucrtbase.dll
0x00007ffe6de30000 - 0x00007ffe6de4b000 	C:\Program Files\Java\jdk-17\bin\VCRUNTIME140.dll
0x00007ffe6e000000 - 0x00007ffe6e018000 	C:\Program Files\Java\jdk-17\bin\jli.dll
0x00007ffe866f0000 - 0x00007ffe867a0000 	C:\Windows\System32\ADVAPI32.dll
0x00007ffe874e0000 - 0x00007ffe8757e000 	C:\Windows\System32\msvcrt.dll
0x00007ffe86c90000 - 0x00007ffe86d30000 	C:\Windows\System32\sechost.dll
0x00007ffe86340000 - 0x00007ffe86463000 	C:\Windows\System32\RPCRT4.dll
0x00007ffe85040000 - 0x00007ffe85067000 	C:\Windows\System32\bcrypt.dll
0x00007ffe87580000 - 0x00007ffe8771f000 	C:\Windows\System32\USER32.dll
0x00007ffe84e70000 - 0x00007ffe84e92000 	C:\Windows\System32\win32u.dll
0x00007ffe87720000 - 0x00007ffe8774b000 	C:\Windows\System32\GDI32.dll
0x00007ffe706d0000 - 0x00007ffe7096a000 	C:\Windows\WinSxS\amd64_microsoft.windows.common-controls_6595b64144ccf1df_6.0.19041.4355_none_60b8b9eb71f62e16\COMCTL32.dll
0x00007ffe851d0000 - 0x00007ffe852e7000 	C:\Windows\System32\gdi32full.dll
0x00007ffe84fa0000 - 0x00007ffe8503d000 	C:\Windows\System32\msvcp_win.dll
0x00007ffe783d0000 - 0x00007ffe783da000 	C:\Windows\SYSTEM32\VERSION.dll
0x00007ffe86d30000 - 0x00007ffe86d5f000 	C:\Windows\System32\IMM32.DLL
0x00007ffe7ab00000 - 0x00007ffe7ab0c000 	C:\Program Files\Java\jdk-17\bin\vcruntime140_1.dll
0x00007ffe62080000 - 0x00007ffe6210e000 	C:\Program Files\Java\jdk-17\bin\msvcp140.dll
0x00007ffe370d0000 - 0x00007ffe37ca7000 	C:\Program Files\Java\jdk-17\bin\server\jvm.dll
0x00007ffe86c80000 - 0x00007ffe86c88000 	C:\Windows\System32\PSAPI.DLL
0x00007ffe6e460000 - 0x00007ffe6e469000 	C:\Windows\SYSTEM32\WSOCK32.dll
0x00007ffe783a0000 - 0x00007ffe783c7000 	C:\Windows\SYSTEM32\WINMM.dll
0x00007ffe86480000 - 0x00007ffe864eb000 	C:\Windows\System32\WS2_32.dll
0x00007ffe83640000 - 0x00007ffe83652000 	C:\Windows\SYSTEM32\kernel.appcore.dll
0x00007ffe724e0000 - 0x00007ffe724ea000 	C:\Program Files\Java\jdk-17\bin\jimage.dll
0x00007ffe82b30000 - 0x00007ffe82d14000 	C:\Windows\SYSTEM32\DBGHELP.DLL
0x00007ffe72db0000 - 0x00007ffe72de4000 	C:\Windows\SYSTEM32\dbgcore.DLL
0x00007ffe852f0000 - 0x00007ffe85372000 	C:\Windows\System32\bcryptPrimitives.dll
0x00007ffe69520000 - 0x00007ffe69545000 	C:\Program Files\Java\jdk-17\bin\java.dll

dbghelp: loaded successfully - version: 4.0.5 - missing functions: none
symbol engine: initialized successfully - sym options: 0x614 - pdb path: .;C:\Program Files\Java\jdk-17\bin;C:\Windows\SYSTEM32;C:\Windows\WinSxS\amd64_microsoft.windows.common-controls_6595b64144ccf1df_6.0.19041.4355_none_60b8b9eb71f62e16;C:\Program Files\Java\jdk-17\bin\server

VM Arguments:
jvm_args: -Dfile.encoding=UTF-8 -Duser.country=KR -Duser.language=ko -Duser.variant 
java_command: org.example.ch5.Problem5G
java_class_path (initial): C:\Users\minseok kim\Desktop\projects\coding_test\build\classes\java\main;C:\Users\minseok kim\Desktop\projects\coding_test\build\resources\main
Launcher Type: SUN_STANDARD

[Global flags]
     intx CICompilerCount                          = 4                                         {product} {ergonomic}
     uint ConcGCThreads                            = 3                                         {product} {ergonomic}
     uint G1ConcRefinementThreads                  = 10                                        {product} {ergonomic}
   size_t G1HeapRegionSize                         = 2097152                                   {product} {ergonomic}
    uintx GCDrainStackTargetSize                   = 64                                        {product} {ergonomic}
   size_t InitialHeapSize                          = 249561088                                 {product} {ergonomic}
   size_t MarkStackSize                            = 4194304                                   {product} {ergonomic}
   size_t MaxHeapSize                              = 3980394496                                {product} {ergonomic}
   size_t MinHeapDeltaBytes                        = 2097152                                   {product} {ergonomic}
   size_t MinHeapSize                              = 8388608                                   {product} {ergonomic}
    uintx NonNMethodCodeHeapSize                   = 5839372                                {pd product} {ergonomic}
    uintx NonProfiledCodeHeapSize                  = 122909434                              {pd product} {ergonomic}
    uintx ProfiledCodeHeapSize                     = 122909434                              {pd product} {ergonomic}
    uintx ReservedCodeCacheSize                    = 251658240                              {pd product} {ergonomic}
     bool SegmentedCodeCache                       = true                                      {product} {ergonomic}
   size_t SoftMaxHeapSize                          = 3980394496                             {manageable} {ergonomic}
     bool UseCompressedClassPointers               = true                           {product lp64_product} {ergonomic}
     bool UseCompressedOops                        = true                           {product lp64_product} {ergonomic}
     bool UseG1GC                                  = true                                      {product} {ergonomic}
     bool UseLargePagesIndividualAllocation        = false                                  {pd product} {ergonomic}

Logging:
Log output configuration:
 #0: stdout all=warning uptime,level,tags
 #1: stderr all=off uptime,level,tags

Environment Variables:
JAVA_HOME=C:\Users\minseok kim\java-17-openjdk-17.0.3.0.6-1.win.x86_64
CLASSPATH=%classpath%;;;
PATH=C:\Users\minseok kim\java-17-openjdk-17.0.3.0.6-1.win.x86_64\bin;C:\Program Files\Common Files\Oracle\Java\javapath;C:\Windows\system32;C:\Windows;C:\Windows\System32\Wbem;C:\Windows\System32\WindowsPowerShell\v1.0\;C:\Windows\System32\OpenSSH\;C:\Bitnami\wampstack-8.0.9-0\mariadb\bin;C:\ProgramData\chocolatey\bin;C:\MinGW\bin;C:\Program Files\Git\cmd;C:\Program Files (x86)\Windows Kits\10\Windows Performance Toolkit\;C:\Program Files (x86)\NetSarang\Xshell 7\;C:\Program Files\Docker\Docker\resources\bin;C:\Program Files\PuTTY\;C:\Users\minseok~1\AppData\Roaming\nvm;C:\Program Files\nodejs;C:\Program Files\nodejs\;C:\Users\minseok kim\AppData\Local\Pub\Cache\bin;C:\Program Files\MySQL\MySQL Shell 8.0\bin\;C:\Users\minseok kim\AppData\Local\Programs\Python\Python39\Scripts\;C:\Users\minseok kim\AppData\Local\Programs\Python\Python39\;C:\Users\minseok kim\AppData\Local\Microsoft\WindowsApps;C:\Users\minseok kim\AppData\Local\Programs\Microsoft VS Code\bin;C:\Users\minseok~1\AppData\Roaming\npm;C:\Program Files (x86)\GitHub CLI\;C:\Program Files\heroku\bin;C:\Users\minseok kim\flutter\bin;C:\Program Files\JetBrains\IntelliJ IDEA 2023.2.3\bin;;C:\Users\minseok~1\AppData\Roaming\nvm;C:\Program Files\nodejs;C:\Users\minseok kim\AppData\Roaming\npm
USERNAME=minseok kim
OS=Windows_NT
PROCESSOR_IDENTIFIER=AMD64 Family 25 Model 80 Stepping 0, AuthenticAMD



---------------  S Y S T E M  ---------------

OS:
 Windows 10 , 64 bit Build 19041 (10.0.19041.3636)
OS uptime: 15 days 1:16 hours
Hyper-V role detected

CPU: total 12 (initial active 12) (12 cores per cpu, 2 threads per core) family 25 model 80 stepping 0 microcode 0x0, cx8, cmov, fxsr, ht, mmx, 3dnowpref, sse, sse2, sse3, ssse3, sse4a, sse4.1, sse4.2, popcnt, lzcnt, tsc, tscinvbit, avx, avx2, aes, erms, clmul, bmi1, bmi2, adx, sha, fma, vzeroupper, clflush, clflushopt, hv

Memory: 4k page, system-wide physical 15182M (250M free)
TotalPageFile size 45625M (AvailPageFile size 20M)
current process WorkingSet (physical memory assigned to process): 10M, peak: 10M
current process commit charge ("private bytes"): 64M, peak: 302M

vm_info: Java HotSpot(TM) 64-Bit Server VM (17.0.6+9-LTS-190) for windows-amd64 JRE (17.0.6+9-LTS-190), built on Dec  6 2022 15:53:54 by "mach5one" with MS VC++ 17.1 (VS2022)

END.
